<?xml version="1.0" encoding="UTF-8" standalone="yes" ?>
<test-results name="D:\Desenvolvimento\Delphi\BuilderUI\src\Tests\Win32\Debug\DUnitTest.exe" total="3" errors="0" failures="0" ignored="0" inconclusive="0" not-run="0" skipped="0" invalid="0" date="2025-06-15" time="0.053">
  <culture-info current-culture="en" current-uiculture="en" />
  <test-suite type="Assembly" name="DUnitTest.exe" executed="true" result="Success" success="True" time="0.053" asserts="0">
    <results>
        <test-suite type="Namespace" name="Test" executed="true" result="Success" success="True" time="0.033" asserts="0" >
          <results>
              <test-suite type="Fixture" name="TestTBuilderUIValidatorService" executed="True" result="Success" success="True" time="0.033" >
                <results>
                  <test-case name="TestValidJSON" executed="True" result="Success" success="True" time="0.001" asserts="0" />
                  <test-case name="TestInvalidJSON" executed="True" result="Success" success="True" time="0.000" asserts="0" />
                  <test-case name="TestJSONWithDuplicateNames" executed="True" result="Success" success="True" time="0.001" asserts="0" />
                </results>
              </test-suite>
          </results>
        </test-suite>
    </results>
  </test-suite>
</test-results>
